<?xml version="1.0" encoding="UTF-8"?>
<robot generator="Robot 5.0 (Python 3.10.2 on darwin)" generated="20220416 16:10:43.748" rpa="false" schemaversion="3">
<suite id="s1" name="APITesting" source="/Users/amrutha/Desktop/RobotTest/APITesting.robot">
<test id="s1-t1" name="Invoke GET API" line="24">
<kw name="Create Session" library="RequestsLibrary">
<arg>API_Testing</arg>
<arg>${base_url}</arg>
<arg>verify=True</arg>
<doc>Create Session: create a HTTP session to a server</doc>
<msg timestamp="20220416 16:10:43.815" level="INFO">Creating Session using : alias=API_Testing, url=https://gorest.co.in/, headers={},                     cookies={}, auth=None, timeout=None, proxies=None, verify=True,                     debug=0 </msg>
<status status="PASS" starttime="20220416 16:10:43.815" endtime="20220416 16:10:43.815"/>
</kw>
<kw name="Invoke GET API and retrieve response">
<var>${api_response}</var>
<kw name="GET On Session" library="RequestsLibrary">
<var>${response}</var>
<arg>API_Testing</arg>
<arg>public/v1/users</arg>
<arg>params=access-token=${token}</arg>
<doc>Sends a GET request on a previously created HTTP Session.</doc>
<msg timestamp="20220416 16:10:44.153" level="INFO">GET Request : url=https://gorest.co.in/public/v1/users?access-token=xxx 
 path_url=/public/v1/users?access-token=xxx 
 headers={'User-Agent': 'python-requests/2.27.1', 'Accept-Encoding': 'gzip, deflate', 'Accept': '*/*', 'Connection': 'keep-alive'} 
 body=None 
 </msg>
<msg timestamp="20220416 16:10:44.153" level="INFO">GET Response : url=https://gorest.co.in/public/v1/users?access-token=xxx 
 status=200, reason=OK 
 headers={'Server': 'nginx', 'Date': 'Sat, 16 Apr 2022 10:40:44 GMT', 'Content-Type': 'application/json; charset=utf-8', 'Transfer-Encoding': 'chunked', 'Connection': 'keep-alive', 'Vary': 'Accept-Encoding, Origin', 'X-Frame-Options': 'SAMEORIGIN', 'X-XSS-Protection': '0', 'X-Content-Type-Options': 'nosniff', 'X-Download-Options': 'noopen', 'X-Permitted-Cross-Domain-Policies': 'none', 'Referrer-Policy': 'strict-origin-when-cross-origin', 'ETag': 'W/"ed30c9c55cd09b225a84dae2e77a2846"', 'Cache-Control': 'max-age=0, private, must-revalidate', 'X-Request-Id': 'e835ca88-0a44-45c0-acaf-4507c2742068', 'X-Runtime': '0.012666', 'Strict-Transport-Security': 'max-age=63072000; includeSubDomains', 'Content-Encoding': 'gzip'} 
 body={"meta":{"pagination":{"total":3856,"pages":193,"page":1,"limit":20,"links":{"previous":null,"current":"https://gorest.co.in/public/v1/users?page=1","next":"https://gorest.co.in/public/v1/users?page=2"}}},"data":[{"id":3888,"name":"Upendra Gowda","email":"upendra_gowda@wiza.info","gender":"female","status":"inactive"},{"id":3887,"name":"Vasudeva Kaur V","email":"vasudeva_v_kaur@gutmann.com","gender":"male","status":"active"},{"id":3886,"name":"Adripathi Prajapat","email":"adripathi_prajapat@mosciski.info","gender":"male","status":"inactive"},{"id":3885,"name":"Akshat Jha","email":"akshat_jha@oconnell-hartmann.net","gender":"male","status":"active"},{"id":3882,"name":"Aaditya Nair V","email":"aaditya_nair_v@rippin.net","gender":"male","status":"active"},{"id":3881,"name":"Ashok Kaniyar","email":"ashok_kaniyar@blick-gislason.biz","gender":"male","status":"active"},{"id":3880,"name":"Anilaabh Kaniyar","email":"kaniyar_anilaabh@pagac.org","gender":"female","status":"inactive"},{"id":3879,"name":"Divya Nair III","email":"iii_divya_nair@rutherford.com","gender":"male","status":"active"},{"id":3878,"name":"Dipesh Nambeesan","email":"nambeesan_dipesh@ratke-nader.net","gender":"male","status":"inactive"},{"id":3877,"name":"Miss Atmananda Varman","email":"atmananda_miss_varman@kreiger.info","gender":"female","status":"inactive"},{"id":3876,"name":"Bhushan Kapoor","email":"kapoor_bhushan@von.io","gender":"female","status":"active"},{"id":3875,"name":"Dinkar Nambeesan","email":"dinkar_nambeesan@kling-barton.com","gender":"male","status":"inactive"},{"id":3874,"name":"Ganapati Bandopadhyay","email":"bandopadhyay_ganapati@weissnat-grant.info","gender":"female","status":"inactive"},{"id":3873,"name":"Akshat Patel","email":"patel_akshat@goldner.com","gender":"male","status":"active"},{"id":3872,"name":"Jyotsana Singh","email":"jyotsana_singh@lubowitz.biz","gender":"male","status":"active"},{"id":3871,"name":"Mr. Aagney Malik","email":"mr_malik_aagney@towne.co","gender":"female","status":"inactive"},{"id":3870,"name":"Prof. Bhaaswar Ahuja","email":"bhaaswar_ahuja_prof@parker-donnelly.com","gender":"male","status":"active"},{"id":3869,"name":"Bhaumik Reddy","email":"bhaumik_reddy@heathcote.name","gender":"male","status":"active"},{"id":3868,"name":"Baladitya Malik","email":"malik_baladitya@okon.org","gender":"male","status":"inactive"},{"id":3867,"name":"Sanya Khatri","email":"khatri_sanya@murazik-mills.co","gender":"male","status":"inactive"}]} 
 </msg>
<msg timestamp="20220416 16:10:44.153" level="INFO">${response} = &lt;Response [200]&gt;</msg>
<status status="PASS" starttime="20220416 16:10:43.816" endtime="20220416 16:10:44.153"/>
</kw>
<msg timestamp="20220416 16:10:44.154" level="INFO">${api_response} = &lt;Response [200]&gt;</msg>
<status status="PASS" starttime="20220416 16:10:43.816" endtime="20220416 16:10:44.154"/>
</kw>
<kw name="Log To Console" library="BuiltIn">
<arg>${api_response}</arg>
<doc>Logs the given message to the console.</doc>
<status status="PASS" starttime="20220416 16:10:44.154" endtime="20220416 16:10:44.154"/>
</kw>
<doc>Creates sessions and invokes API</doc>
<status status="PASS" starttime="20220416 16:10:43.815" endtime="20220416 16:10:44.154"/>
</test>
<test id="s1-t2" name="Validate JSON Response" line="30">
<kw name="Validate JSON Response">
<var>${json_response}</var>
<kw name="GET On Session" library="RequestsLibrary">
<var>${response}</var>
<arg>API_Testing</arg>
<arg>public/v1/users</arg>
<arg>params=access-token=${token}</arg>
<doc>Sends a GET request on a previously created HTTP Session.</doc>
<msg timestamp="20220416 16:10:44.249" level="INFO">GET Request : url=https://gorest.co.in/public/v1/users?access-token=xxx 
 path_url=/public/v1/users?access-token=xxx 
 headers={'User-Agent': 'python-requests/2.27.1', 'Accept-Encoding': 'gzip, deflate', 'Accept': '*/*', 'Connection': 'keep-alive'} 
 body=None 
 </msg>
<msg timestamp="20220416 16:10:44.249" level="INFO">GET Response : url=https://gorest.co.in/public/v1/users?access-token=xxx 
 status=200, reason=OK 
 headers={'Server': 'nginx', 'Date': 'Sat, 16 Apr 2022 10:40:44 GMT', 'Content-Type': 'application/json; charset=utf-8', 'Transfer-Encoding': 'chunked', 'Connection': 'keep-alive', 'Vary': 'Accept-Encoding, Origin', 'X-Frame-Options': 'SAMEORIGIN', 'X-XSS-Protection': '0', 'X-Content-Type-Options': 'nosniff', 'X-Download-Options': 'noopen', 'X-Permitted-Cross-Domain-Policies': 'none', 'Referrer-Policy': 'strict-origin-when-cross-origin', 'ETag': 'W/"ed30c9c55cd09b225a84dae2e77a2846"', 'Cache-Control': 'max-age=0, private, must-revalidate', 'X-Request-Id': '29be3d9e-64d6-437c-949c-5c963a10ff03', 'X-Runtime': '0.009909', 'Strict-Transport-Security': 'max-age=63072000; includeSubDomains', 'Content-Encoding': 'gzip'} 
 body={"meta":{"pagination":{"total":3856,"pages":193,"page":1,"limit":20,"links":{"previous":null,"current":"https://gorest.co.in/public/v1/users?page=1","next":"https://gorest.co.in/public/v1/users?page=2"}}},"data":[{"id":3888,"name":"Upendra Gowda","email":"upendra_gowda@wiza.info","gender":"female","status":"inactive"},{"id":3887,"name":"Vasudeva Kaur V","email":"vasudeva_v_kaur@gutmann.com","gender":"male","status":"active"},{"id":3886,"name":"Adripathi Prajapat","email":"adripathi_prajapat@mosciski.info","gender":"male","status":"inactive"},{"id":3885,"name":"Akshat Jha","email":"akshat_jha@oconnell-hartmann.net","gender":"male","status":"active"},{"id":3882,"name":"Aaditya Nair V","email":"aaditya_nair_v@rippin.net","gender":"male","status":"active"},{"id":3881,"name":"Ashok Kaniyar","email":"ashok_kaniyar@blick-gislason.biz","gender":"male","status":"active"},{"id":3880,"name":"Anilaabh Kaniyar","email":"kaniyar_anilaabh@pagac.org","gender":"female","status":"inactive"},{"id":3879,"name":"Divya Nair III","email":"iii_divya_nair@rutherford.com","gender":"male","status":"active"},{"id":3878,"name":"Dipesh Nambeesan","email":"nambeesan_dipesh@ratke-nader.net","gender":"male","status":"inactive"},{"id":3877,"name":"Miss Atmananda Varman","email":"atmananda_miss_varman@kreiger.info","gender":"female","status":"inactive"},{"id":3876,"name":"Bhushan Kapoor","email":"kapoor_bhushan@von.io","gender":"female","status":"active"},{"id":3875,"name":"Dinkar Nambeesan","email":"dinkar_nambeesan@kling-barton.com","gender":"male","status":"inactive"},{"id":3874,"name":"Ganapati Bandopadhyay","email":"bandopadhyay_ganapati@weissnat-grant.info","gender":"female","status":"inactive"},{"id":3873,"name":"Akshat Patel","email":"patel_akshat@goldner.com","gender":"male","status":"active"},{"id":3872,"name":"Jyotsana Singh","email":"jyotsana_singh@lubowitz.biz","gender":"male","status":"active"},{"id":3871,"name":"Mr. Aagney Malik","email":"mr_malik_aagney@towne.co","gender":"female","status":"inactive"},{"id":3870,"name":"Prof. Bhaaswar Ahuja","email":"bhaaswar_ahuja_prof@parker-donnelly.com","gender":"male","status":"active"},{"id":3869,"name":"Bhaumik Reddy","email":"bhaumik_reddy@heathcote.name","gender":"male","status":"active"},{"id":3868,"name":"Baladitya Malik","email":"malik_baladitya@okon.org","gender":"male","status":"inactive"},{"id":3867,"name":"Sanya Khatri","email":"khatri_sanya@murazik-mills.co","gender":"male","status":"inactive"}]} 
 </msg>
<msg timestamp="20220416 16:10:44.250" level="INFO">${response} = &lt;Response [200]&gt;</msg>
<status status="PASS" starttime="20220416 16:10:44.156" endtime="20220416 16:10:44.250"/>
</kw>
<kw name="Set Variable" library="BuiltIn">
<var>${json_response}</var>
<arg>${response.json()}</arg>
<doc>Returns the given values which can then be assigned to a variables.</doc>
<msg timestamp="20220416 16:10:44.251" level="INFO">${json_response} = {'meta': {'pagination': {'total': 3856, 'pages': 193, 'page': 1, 'limit': 20, 'links': {'previous': None, 'current': 'https://gorest.co.in/public/v1/users?page=1', 'next': 'https://gorest.co.in/public...</msg>
<status status="PASS" starttime="20220416 16:10:44.250" endtime="20220416 16:10:44.251"/>
</kw>
<msg timestamp="20220416 16:10:44.251" level="INFO">${json_response} = {'meta': {'pagination': {'total': 3856, 'pages': 193, 'page': 1, 'limit': 20, 'links': {'previous': None, 'current': 'https://gorest.co.in/public/v1/users?page=1', 'next': 'https://gorest.co.in/public...</msg>
<status status="PASS" starttime="20220416 16:10:44.155" endtime="20220416 16:10:44.251"/>
</kw>
<kw name="Log To Console" library="BuiltIn">
<arg>Validated the JSON for GET API Response ${json_response}</arg>
<doc>Logs the given message to the console.</doc>
<status status="PASS" starttime="20220416 16:10:44.251" endtime="20220416 16:10:44.261"/>
</kw>
<doc>Validates if the response is a valid JSON</doc>
<status status="PASS" starttime="20220416 16:10:44.155" endtime="20220416 16:10:44.262"/>
</test>
<test id="s1-t3" name="Verify API Success Response" line="35">
<kw name="Invoke GET API and retrieve response">
<var>${api_response}</var>
<kw name="GET On Session" library="RequestsLibrary">
<var>${response}</var>
<arg>API_Testing</arg>
<arg>public/v1/users</arg>
<arg>params=access-token=${token}</arg>
<doc>Sends a GET request on a previously created HTTP Session.</doc>
<msg timestamp="20220416 16:10:44.348" level="INFO">GET Request : url=https://gorest.co.in/public/v1/users?access-token=xxx 
 path_url=/public/v1/users?access-token=xxx 
 headers={'User-Agent': 'python-requests/2.27.1', 'Accept-Encoding': 'gzip, deflate', 'Accept': '*/*', 'Connection': 'keep-alive'} 
 body=None 
 </msg>
<msg timestamp="20220416 16:10:44.348" level="INFO">GET Response : url=https://gorest.co.in/public/v1/users?access-token=xxx 
 status=200, reason=OK 
 headers={'Server': 'nginx', 'Date': 'Sat, 16 Apr 2022 10:40:44 GMT', 'Content-Type': 'application/json; charset=utf-8', 'Transfer-Encoding': 'chunked', 'Connection': 'keep-alive', 'Vary': 'Accept-Encoding, Origin', 'X-Frame-Options': 'SAMEORIGIN', 'X-XSS-Protection': '0', 'X-Content-Type-Options': 'nosniff', 'X-Download-Options': 'noopen', 'X-Permitted-Cross-Domain-Policies': 'none', 'Referrer-Policy': 'strict-origin-when-cross-origin', 'ETag': 'W/"ed30c9c55cd09b225a84dae2e77a2846"', 'Cache-Control': 'max-age=0, private, must-revalidate', 'X-Request-Id': 'dd2b21db-5b4b-44d3-b086-ff98d18c050d', 'X-Runtime': '0.008975', 'Strict-Transport-Security': 'max-age=63072000; includeSubDomains', 'Content-Encoding': 'gzip'} 
 body={"meta":{"pagination":{"total":3856,"pages":193,"page":1,"limit":20,"links":{"previous":null,"current":"https://gorest.co.in/public/v1/users?page=1","next":"https://gorest.co.in/public/v1/users?page=2"}}},"data":[{"id":3888,"name":"Upendra Gowda","email":"upendra_gowda@wiza.info","gender":"female","status":"inactive"},{"id":3887,"name":"Vasudeva Kaur V","email":"vasudeva_v_kaur@gutmann.com","gender":"male","status":"active"},{"id":3886,"name":"Adripathi Prajapat","email":"adripathi_prajapat@mosciski.info","gender":"male","status":"inactive"},{"id":3885,"name":"Akshat Jha","email":"akshat_jha@oconnell-hartmann.net","gender":"male","status":"active"},{"id":3882,"name":"Aaditya Nair V","email":"aaditya_nair_v@rippin.net","gender":"male","status":"active"},{"id":3881,"name":"Ashok Kaniyar","email":"ashok_kaniyar@blick-gislason.biz","gender":"male","status":"active"},{"id":3880,"name":"Anilaabh Kaniyar","email":"kaniyar_anilaabh@pagac.org","gender":"female","status":"inactive"},{"id":3879,"name":"Divya Nair III","email":"iii_divya_nair@rutherford.com","gender":"male","status":"active"},{"id":3878,"name":"Dipesh Nambeesan","email":"nambeesan_dipesh@ratke-nader.net","gender":"male","status":"inactive"},{"id":3877,"name":"Miss Atmananda Varman","email":"atmananda_miss_varman@kreiger.info","gender":"female","status":"inactive"},{"id":3876,"name":"Bhushan Kapoor","email":"kapoor_bhushan@von.io","gender":"female","status":"active"},{"id":3875,"name":"Dinkar Nambeesan","email":"dinkar_nambeesan@kling-barton.com","gender":"male","status":"inactive"},{"id":3874,"name":"Ganapati Bandopadhyay","email":"bandopadhyay_ganapati@weissnat-grant.info","gender":"female","status":"inactive"},{"id":3873,"name":"Akshat Patel","email":"patel_akshat@goldner.com","gender":"male","status":"active"},{"id":3872,"name":"Jyotsana Singh","email":"jyotsana_singh@lubowitz.biz","gender":"male","status":"active"},{"id":3871,"name":"Mr. Aagney Malik","email":"mr_malik_aagney@towne.co","gender":"female","status":"inactive"},{"id":3870,"name":"Prof. Bhaaswar Ahuja","email":"bhaaswar_ahuja_prof@parker-donnelly.com","gender":"male","status":"active"},{"id":3869,"name":"Bhaumik Reddy","email":"bhaumik_reddy@heathcote.name","gender":"male","status":"active"},{"id":3868,"name":"Baladitya Malik","email":"malik_baladitya@okon.org","gender":"male","status":"inactive"},{"id":3867,"name":"Sanya Khatri","email":"khatri_sanya@murazik-mills.co","gender":"male","status":"inactive"}]} 
 </msg>
<msg timestamp="20220416 16:10:44.348" level="INFO">${response} = &lt;Response [200]&gt;</msg>
<status status="PASS" starttime="20220416 16:10:44.263" endtime="20220416 16:10:44.348"/>
</kw>
<msg timestamp="20220416 16:10:44.348" level="INFO">${api_response} = &lt;Response [200]&gt;</msg>
<status status="PASS" starttime="20220416 16:10:44.262" endtime="20220416 16:10:44.348"/>
</kw>
<kw name="Convert To String" library="BuiltIn">
<var>${status_code}</var>
<arg>${api_response.status_code}</arg>
<doc>Converts the given item to a Unicode string.</doc>
<msg timestamp="20220416 16:10:44.349" level="INFO">${status_code} = 200</msg>
<status status="PASS" starttime="20220416 16:10:44.348" endtime="20220416 16:10:44.349"/>
</kw>
<kw name="Should Be Equal" library="BuiltIn">
<arg>${status_code}</arg>
<arg>200</arg>
<doc>Fails if the given objects are unequal.</doc>
<status status="PASS" starttime="20220416 16:10:44.349" endtime="20220416 16:10:44.350"/>
</kw>
<kw name="Log To Console" library="BuiltIn">
<arg>Validated status code of API GET response</arg>
<doc>Logs the given message to the console.</doc>
<status status="PASS" starttime="20220416 16:10:44.350" endtime="20220416 16:10:44.350"/>
</kw>
<doc>Checks the status code of the API response</doc>
<status status="PASS" starttime="20220416 16:10:44.262" endtime="20220416 16:10:44.350"/>
</test>
<test id="s1-t4" name="Verify Incorrect Authentication Request" line="42">
<kw name="Invoke GET API and retrieve response">
<var>${api_response}</var>
<kw name="GET On Session" library="RequestsLibrary">
<var>${response}</var>
<arg>API_Testing</arg>
<arg>public/v1/users</arg>
<arg>params=access-token=${token}</arg>
<doc>Sends a GET request on a previously created HTTP Session.</doc>
<msg timestamp="20220416 16:10:44.450" level="INFO">GET Request : url=https://gorest.co.in/public/v1/users?access-token=xxx 
 path_url=/public/v1/users?access-token=xxx 
 headers={'User-Agent': 'python-requests/2.27.1', 'Accept-Encoding': 'gzip, deflate', 'Accept': '*/*', 'Connection': 'keep-alive'} 
 body=None 
 </msg>
<msg timestamp="20220416 16:10:44.450" level="INFO">GET Response : url=https://gorest.co.in/public/v1/users?access-token=xxx 
 status=200, reason=OK 
 headers={'Server': 'nginx', 'Date': 'Sat, 16 Apr 2022 10:40:44 GMT', 'Content-Type': 'application/json; charset=utf-8', 'Transfer-Encoding': 'chunked', 'Connection': 'keep-alive', 'Vary': 'Accept-Encoding, Origin', 'X-Frame-Options': 'SAMEORIGIN', 'X-XSS-Protection': '0', 'X-Content-Type-Options': 'nosniff', 'X-Download-Options': 'noopen', 'X-Permitted-Cross-Domain-Policies': 'none', 'Referrer-Policy': 'strict-origin-when-cross-origin', 'ETag': 'W/"ed30c9c55cd09b225a84dae2e77a2846"', 'Cache-Control': 'max-age=0, private, must-revalidate', 'X-Request-Id': '2eb8ae2b-08ea-480c-9590-ab22422f016d', 'X-Runtime': '0.009548', 'Strict-Transport-Security': 'max-age=63072000; includeSubDomains', 'Content-Encoding': 'gzip'} 
 body={"meta":{"pagination":{"total":3856,"pages":193,"page":1,"limit":20,"links":{"previous":null,"current":"https://gorest.co.in/public/v1/users?page=1","next":"https://gorest.co.in/public/v1/users?page=2"}}},"data":[{"id":3888,"name":"Upendra Gowda","email":"upendra_gowda@wiza.info","gender":"female","status":"inactive"},{"id":3887,"name":"Vasudeva Kaur V","email":"vasudeva_v_kaur@gutmann.com","gender":"male","status":"active"},{"id":3886,"name":"Adripathi Prajapat","email":"adripathi_prajapat@mosciski.info","gender":"male","status":"inactive"},{"id":3885,"name":"Akshat Jha","email":"akshat_jha@oconnell-hartmann.net","gender":"male","status":"active"},{"id":3882,"name":"Aaditya Nair V","email":"aaditya_nair_v@rippin.net","gender":"male","status":"active"},{"id":3881,"name":"Ashok Kaniyar","email":"ashok_kaniyar@blick-gislason.biz","gender":"male","status":"active"},{"id":3880,"name":"Anilaabh Kaniyar","email":"kaniyar_anilaabh@pagac.org","gender":"female","status":"inactive"},{"id":3879,"name":"Divya Nair III","email":"iii_divya_nair@rutherford.com","gender":"male","status":"active"},{"id":3878,"name":"Dipesh Nambeesan","email":"nambeesan_dipesh@ratke-nader.net","gender":"male","status":"inactive"},{"id":3877,"name":"Miss Atmananda Varman","email":"atmananda_miss_varman@kreiger.info","gender":"female","status":"inactive"},{"id":3876,"name":"Bhushan Kapoor","email":"kapoor_bhushan@von.io","gender":"female","status":"active"},{"id":3875,"name":"Dinkar Nambeesan","email":"dinkar_nambeesan@kling-barton.com","gender":"male","status":"inactive"},{"id":3874,"name":"Ganapati Bandopadhyay","email":"bandopadhyay_ganapati@weissnat-grant.info","gender":"female","status":"inactive"},{"id":3873,"name":"Akshat Patel","email":"patel_akshat@goldner.com","gender":"male","status":"active"},{"id":3872,"name":"Jyotsana Singh","email":"jyotsana_singh@lubowitz.biz","gender":"male","status":"active"},{"id":3871,"name":"Mr. Aagney Malik","email":"mr_malik_aagney@towne.co","gender":"female","status":"inactive"},{"id":3870,"name":"Prof. Bhaaswar Ahuja","email":"bhaaswar_ahuja_prof@parker-donnelly.com","gender":"male","status":"active"},{"id":3869,"name":"Bhaumik Reddy","email":"bhaumik_reddy@heathcote.name","gender":"male","status":"active"},{"id":3868,"name":"Baladitya Malik","email":"malik_baladitya@okon.org","gender":"male","status":"inactive"},{"id":3867,"name":"Sanya Khatri","email":"khatri_sanya@murazik-mills.co","gender":"male","status":"inactive"}]} 
 </msg>
<msg timestamp="20220416 16:10:44.456" level="INFO">${response} = &lt;Response [200]&gt;</msg>
<status status="PASS" starttime="20220416 16:10:44.351" endtime="20220416 16:10:44.456"/>
</kw>
<msg timestamp="20220416 16:10:44.457" level="INFO">${api_response} = &lt;Response [200]&gt;</msg>
<status status="PASS" starttime="20220416 16:10:44.351" endtime="20220416 16:10:44.457"/>
</kw>
<kw name="Convert To String" library="BuiltIn">
<var>${status_code}</var>
<arg>${api_response.status_code}</arg>
<doc>Converts the given item to a Unicode string.</doc>
<msg timestamp="20220416 16:10:44.458" level="INFO">${status_code} = 200</msg>
<status status="PASS" starttime="20220416 16:10:44.457" endtime="20220416 16:10:44.458"/>
</kw>
<kw name="Should Not Be Equal" library="BuiltIn">
<arg>${status_code}</arg>
<arg>401</arg>
<doc>Fails if the given objects are equal.</doc>
<status status="PASS" starttime="20220416 16:10:44.458" endtime="20220416 16:10:44.458"/>
</kw>
<kw name="Log To Console" library="BuiltIn">
<arg>Testcase executed successfully without authentication error</arg>
<doc>Logs the given message to the console.</doc>
<status status="PASS" starttime="20220416 16:10:44.458" endtime="20220416 16:10:44.458"/>
</kw>
<doc>Checks for incorrect authentication request</doc>
<status status="PASS" starttime="20220416 16:10:44.350" endtime="20220416 16:10:44.458"/>
</test>
<test id="s1-t5" name="Verify Unauthorized Status Code" line="49">
<kw name="Invoke GET API and retrieve response">
<var>${api_response}</var>
<kw name="GET On Session" library="RequestsLibrary">
<var>${response}</var>
<arg>API_Testing</arg>
<arg>public/v1/users</arg>
<arg>params=access-token=${token}</arg>
<doc>Sends a GET request on a previously created HTTP Session.</doc>
<msg timestamp="20220416 16:10:44.549" level="INFO">GET Request : url=https://gorest.co.in/public/v1/users?access-token=xxx 
 path_url=/public/v1/users?access-token=xxx 
 headers={'User-Agent': 'python-requests/2.27.1', 'Accept-Encoding': 'gzip, deflate', 'Accept': '*/*', 'Connection': 'keep-alive'} 
 body=None 
 </msg>
<msg timestamp="20220416 16:10:44.549" level="INFO">GET Response : url=https://gorest.co.in/public/v1/users?access-token=xxx 
 status=200, reason=OK 
 headers={'Server': 'nginx', 'Date': 'Sat, 16 Apr 2022 10:40:44 GMT', 'Content-Type': 'application/json; charset=utf-8', 'Transfer-Encoding': 'chunked', 'Connection': 'keep-alive', 'Vary': 'Accept-Encoding, Origin', 'X-Frame-Options': 'SAMEORIGIN', 'X-XSS-Protection': '0', 'X-Content-Type-Options': 'nosniff', 'X-Download-Options': 'noopen', 'X-Permitted-Cross-Domain-Policies': 'none', 'Referrer-Policy': 'strict-origin-when-cross-origin', 'ETag': 'W/"ed30c9c55cd09b225a84dae2e77a2846"', 'Cache-Control': 'max-age=0, private, must-revalidate', 'X-Request-Id': '47a21c91-f1e6-4307-9db2-f6150af962b9', 'X-Runtime': '0.009790', 'Strict-Transport-Security': 'max-age=63072000; includeSubDomains', 'Content-Encoding': 'gzip'} 
 body={"meta":{"pagination":{"total":3856,"pages":193,"page":1,"limit":20,"links":{"previous":null,"current":"https://gorest.co.in/public/v1/users?page=1","next":"https://gorest.co.in/public/v1/users?page=2"}}},"data":[{"id":3888,"name":"Upendra Gowda","email":"upendra_gowda@wiza.info","gender":"female","status":"inactive"},{"id":3887,"name":"Vasudeva Kaur V","email":"vasudeva_v_kaur@gutmann.com","gender":"male","status":"active"},{"id":3886,"name":"Adripathi Prajapat","email":"adripathi_prajapat@mosciski.info","gender":"male","status":"inactive"},{"id":3885,"name":"Akshat Jha","email":"akshat_jha@oconnell-hartmann.net","gender":"male","status":"active"},{"id":3882,"name":"Aaditya Nair V","email":"aaditya_nair_v@rippin.net","gender":"male","status":"active"},{"id":3881,"name":"Ashok Kaniyar","email":"ashok_kaniyar@blick-gislason.biz","gender":"male","status":"active"},{"id":3880,"name":"Anilaabh Kaniyar","email":"kaniyar_anilaabh@pagac.org","gender":"female","status":"inactive"},{"id":3879,"name":"Divya Nair III","email":"iii_divya_nair@rutherford.com","gender":"male","status":"active"},{"id":3878,"name":"Dipesh Nambeesan","email":"nambeesan_dipesh@ratke-nader.net","gender":"male","status":"inactive"},{"id":3877,"name":"Miss Atmananda Varman","email":"atmananda_miss_varman@kreiger.info","gender":"female","status":"inactive"},{"id":3876,"name":"Bhushan Kapoor","email":"kapoor_bhushan@von.io","gender":"female","status":"active"},{"id":3875,"name":"Dinkar Nambeesan","email":"dinkar_nambeesan@kling-barton.com","gender":"male","status":"inactive"},{"id":3874,"name":"Ganapati Bandopadhyay","email":"bandopadhyay_ganapati@weissnat-grant.info","gender":"female","status":"inactive"},{"id":3873,"name":"Akshat Patel","email":"patel_akshat@goldner.com","gender":"male","status":"active"},{"id":3872,"name":"Jyotsana Singh","email":"jyotsana_singh@lubowitz.biz","gender":"male","status":"active"},{"id":3871,"name":"Mr. Aagney Malik","email":"mr_malik_aagney@towne.co","gender":"female","status":"inactive"},{"id":3870,"name":"Prof. Bhaaswar Ahuja","email":"bhaaswar_ahuja_prof@parker-donnelly.com","gender":"male","status":"active"},{"id":3869,"name":"Bhaumik Reddy","email":"bhaumik_reddy@heathcote.name","gender":"male","status":"active"},{"id":3868,"name":"Baladitya Malik","email":"malik_baladitya@okon.org","gender":"male","status":"inactive"},{"id":3867,"name":"Sanya Khatri","email":"khatri_sanya@murazik-mills.co","gender":"male","status":"inactive"}]} 
 </msg>
<msg timestamp="20220416 16:10:44.549" level="INFO">${response} = &lt;Response [200]&gt;</msg>
<status status="PASS" starttime="20220416 16:10:44.459" endtime="20220416 16:10:44.549"/>
</kw>
<msg timestamp="20220416 16:10:44.550" level="INFO">${api_response} = &lt;Response [200]&gt;</msg>
<status status="PASS" starttime="20220416 16:10:44.459" endtime="20220416 16:10:44.550"/>
</kw>
<kw name="Convert To String" library="BuiltIn">
<var>${status_code}</var>
<arg>${api_response.status_code}</arg>
<doc>Converts the given item to a Unicode string.</doc>
<msg timestamp="20220416 16:10:44.551" level="INFO">${status_code} = 200</msg>
<status status="PASS" starttime="20220416 16:10:44.550" endtime="20220416 16:10:44.551"/>
</kw>
<kw name="Should Not Be Equal" library="BuiltIn">
<arg>${status_code}</arg>
<arg>403</arg>
<doc>Fails if the given objects are equal.</doc>
<status status="PASS" starttime="20220416 16:10:44.551" endtime="20220416 16:10:44.551"/>
</kw>
<kw name="Log To Console" library="BuiltIn">
<arg>Testcase executed successfully with authorization</arg>
<doc>Logs the given message to the console.</doc>
<status status="PASS" starttime="20220416 16:10:44.551" endtime="20220416 16:10:44.551"/>
</kw>
<doc>Checks for incorrect authorized status code</doc>
<status status="PASS" starttime="20220416 16:10:44.459" endtime="20220416 16:10:44.551"/>
</test>
<test id="s1-t6" name="Verify API Internal Server Error Request" line="56">
<kw name="Invoke GET API and retrieve response">
<var>${api_response}</var>
<kw name="GET On Session" library="RequestsLibrary">
<var>${response}</var>
<arg>API_Testing</arg>
<arg>public/v1/users</arg>
<arg>params=access-token=${token}</arg>
<doc>Sends a GET request on a previously created HTTP Session.</doc>
<msg timestamp="20220416 16:10:44.648" level="INFO">GET Request : url=https://gorest.co.in/public/v1/users?access-token=xxx 
 path_url=/public/v1/users?access-token=xxx 
 headers={'User-Agent': 'python-requests/2.27.1', 'Accept-Encoding': 'gzip, deflate', 'Accept': '*/*', 'Connection': 'keep-alive'} 
 body=None 
 </msg>
<msg timestamp="20220416 16:10:44.648" level="INFO">GET Response : url=https://gorest.co.in/public/v1/users?access-token=xxx 
 status=200, reason=OK 
 headers={'Server': 'nginx', 'Date': 'Sat, 16 Apr 2022 10:40:44 GMT', 'Content-Type': 'application/json; charset=utf-8', 'Transfer-Encoding': 'chunked', 'Connection': 'keep-alive', 'Vary': 'Accept-Encoding, Origin', 'X-Frame-Options': 'SAMEORIGIN', 'X-XSS-Protection': '0', 'X-Content-Type-Options': 'nosniff', 'X-Download-Options': 'noopen', 'X-Permitted-Cross-Domain-Policies': 'none', 'Referrer-Policy': 'strict-origin-when-cross-origin', 'ETag': 'W/"ed30c9c55cd09b225a84dae2e77a2846"', 'Cache-Control': 'max-age=0, private, must-revalidate', 'X-Request-Id': '7f50ad56-1182-4369-a530-fe7105e1859b', 'X-Runtime': '0.009227', 'Strict-Transport-Security': 'max-age=63072000; includeSubDomains', 'Content-Encoding': 'gzip'} 
 body={"meta":{"pagination":{"total":3856,"pages":193,"page":1,"limit":20,"links":{"previous":null,"current":"https://gorest.co.in/public/v1/users?page=1","next":"https://gorest.co.in/public/v1/users?page=2"}}},"data":[{"id":3888,"name":"Upendra Gowda","email":"upendra_gowda@wiza.info","gender":"female","status":"inactive"},{"id":3887,"name":"Vasudeva Kaur V","email":"vasudeva_v_kaur@gutmann.com","gender":"male","status":"active"},{"id":3886,"name":"Adripathi Prajapat","email":"adripathi_prajapat@mosciski.info","gender":"male","status":"inactive"},{"id":3885,"name":"Akshat Jha","email":"akshat_jha@oconnell-hartmann.net","gender":"male","status":"active"},{"id":3882,"name":"Aaditya Nair V","email":"aaditya_nair_v@rippin.net","gender":"male","status":"active"},{"id":3881,"name":"Ashok Kaniyar","email":"ashok_kaniyar@blick-gislason.biz","gender":"male","status":"active"},{"id":3880,"name":"Anilaabh Kaniyar","email":"kaniyar_anilaabh@pagac.org","gender":"female","status":"inactive"},{"id":3879,"name":"Divya Nair III","email":"iii_divya_nair@rutherford.com","gender":"male","status":"active"},{"id":3878,"name":"Dipesh Nambeesan","email":"nambeesan_dipesh@ratke-nader.net","gender":"male","status":"inactive"},{"id":3877,"name":"Miss Atmananda Varman","email":"atmananda_miss_varman@kreiger.info","gender":"female","status":"inactive"},{"id":3876,"name":"Bhushan Kapoor","email":"kapoor_bhushan@von.io","gender":"female","status":"active"},{"id":3875,"name":"Dinkar Nambeesan","email":"dinkar_nambeesan@kling-barton.com","gender":"male","status":"inactive"},{"id":3874,"name":"Ganapati Bandopadhyay","email":"bandopadhyay_ganapati@weissnat-grant.info","gender":"female","status":"inactive"},{"id":3873,"name":"Akshat Patel","email":"patel_akshat@goldner.com","gender":"male","status":"active"},{"id":3872,"name":"Jyotsana Singh","email":"jyotsana_singh@lubowitz.biz","gender":"male","status":"active"},{"id":3871,"name":"Mr. Aagney Malik","email":"mr_malik_aagney@towne.co","gender":"female","status":"inactive"},{"id":3870,"name":"Prof. Bhaaswar Ahuja","email":"bhaaswar_ahuja_prof@parker-donnelly.com","gender":"male","status":"active"},{"id":3869,"name":"Bhaumik Reddy","email":"bhaumik_reddy@heathcote.name","gender":"male","status":"active"},{"id":3868,"name":"Baladitya Malik","email":"malik_baladitya@okon.org","gender":"male","status":"inactive"},{"id":3867,"name":"Sanya Khatri","email":"khatri_sanya@murazik-mills.co","gender":"male","status":"inactive"}]} 
 </msg>
<msg timestamp="20220416 16:10:44.649" level="INFO">${response} = &lt;Response [200]&gt;</msg>
<status status="PASS" starttime="20220416 16:10:44.552" endtime="20220416 16:10:44.649"/>
</kw>
<msg timestamp="20220416 16:10:44.649" level="INFO">${api_response} = &lt;Response [200]&gt;</msg>
<status status="PASS" starttime="20220416 16:10:44.552" endtime="20220416 16:10:44.649"/>
</kw>
<kw name="Convert To String" library="BuiltIn">
<var>${status_code}</var>
<arg>${api_response.status_code}</arg>
<doc>Converts the given item to a Unicode string.</doc>
<msg timestamp="20220416 16:10:44.651" level="INFO">${status_code} = 200</msg>
<status status="PASS" starttime="20220416 16:10:44.650" endtime="20220416 16:10:44.651"/>
</kw>
<kw name="Should Not Be Equal" library="BuiltIn">
<arg>${status_code}</arg>
<arg>500</arg>
<doc>Fails if the given objects are equal.</doc>
<status status="PASS" starttime="20220416 16:10:44.651" endtime="20220416 16:10:44.651"/>
</kw>
<kw name="Log To Console" library="BuiltIn">
<arg>Testcase executed successfully without internal server error</arg>
<doc>Logs the given message to the console.</doc>
<status status="PASS" starttime="20220416 16:10:44.651" endtime="20220416 16:10:44.651"/>
</kw>
<doc>Checks for Internal server error in the API request</doc>
<status status="PASS" starttime="20220416 16:10:44.552" endtime="20220416 16:10:44.652"/>
</test>
<test id="s1-t7" name="Verify Service Unavailable Error Request" line="63">
<kw name="Invoke GET API and retrieve response">
<var>${api_response}</var>
<kw name="GET On Session" library="RequestsLibrary">
<var>${response}</var>
<arg>API_Testing</arg>
<arg>public/v1/users</arg>
<arg>params=access-token=${token}</arg>
<doc>Sends a GET request on a previously created HTTP Session.</doc>
<msg timestamp="20220416 16:10:44.749" level="INFO">GET Request : url=https://gorest.co.in/public/v1/users?access-token=xxx 
 path_url=/public/v1/users?access-token=xxx 
 headers={'User-Agent': 'python-requests/2.27.1', 'Accept-Encoding': 'gzip, deflate', 'Accept': '*/*', 'Connection': 'keep-alive'} 
 body=None 
 </msg>
<msg timestamp="20220416 16:10:44.749" level="INFO">GET Response : url=https://gorest.co.in/public/v1/users?access-token=xxx 
 status=200, reason=OK 
 headers={'Server': 'nginx', 'Date': 'Sat, 16 Apr 2022 10:40:44 GMT', 'Content-Type': 'application/json; charset=utf-8', 'Transfer-Encoding': 'chunked', 'Connection': 'keep-alive', 'Vary': 'Accept-Encoding, Origin', 'X-Frame-Options': 'SAMEORIGIN', 'X-XSS-Protection': '0', 'X-Content-Type-Options': 'nosniff', 'X-Download-Options': 'noopen', 'X-Permitted-Cross-Domain-Policies': 'none', 'Referrer-Policy': 'strict-origin-when-cross-origin', 'ETag': 'W/"ed30c9c55cd09b225a84dae2e77a2846"', 'Cache-Control': 'max-age=0, private, must-revalidate', 'X-Request-Id': '9ee305a7-e6ae-4755-b673-359f6d2d0e1f', 'X-Runtime': '0.010066', 'Strict-Transport-Security': 'max-age=63072000; includeSubDomains', 'Content-Encoding': 'gzip'} 
 body={"meta":{"pagination":{"total":3856,"pages":193,"page":1,"limit":20,"links":{"previous":null,"current":"https://gorest.co.in/public/v1/users?page=1","next":"https://gorest.co.in/public/v1/users?page=2"}}},"data":[{"id":3888,"name":"Upendra Gowda","email":"upendra_gowda@wiza.info","gender":"female","status":"inactive"},{"id":3887,"name":"Vasudeva Kaur V","email":"vasudeva_v_kaur@gutmann.com","gender":"male","status":"active"},{"id":3886,"name":"Adripathi Prajapat","email":"adripathi_prajapat@mosciski.info","gender":"male","status":"inactive"},{"id":3885,"name":"Akshat Jha","email":"akshat_jha@oconnell-hartmann.net","gender":"male","status":"active"},{"id":3882,"name":"Aaditya Nair V","email":"aaditya_nair_v@rippin.net","gender":"male","status":"active"},{"id":3881,"name":"Ashok Kaniyar","email":"ashok_kaniyar@blick-gislason.biz","gender":"male","status":"active"},{"id":3880,"name":"Anilaabh Kaniyar","email":"kaniyar_anilaabh@pagac.org","gender":"female","status":"inactive"},{"id":3879,"name":"Divya Nair III","email":"iii_divya_nair@rutherford.com","gender":"male","status":"active"},{"id":3878,"name":"Dipesh Nambeesan","email":"nambeesan_dipesh@ratke-nader.net","gender":"male","status":"inactive"},{"id":3877,"name":"Miss Atmananda Varman","email":"atmananda_miss_varman@kreiger.info","gender":"female","status":"inactive"},{"id":3876,"name":"Bhushan Kapoor","email":"kapoor_bhushan@von.io","gender":"female","status":"active"},{"id":3875,"name":"Dinkar Nambeesan","email":"dinkar_nambeesan@kling-barton.com","gender":"male","status":"inactive"},{"id":3874,"name":"Ganapati Bandopadhyay","email":"bandopadhyay_ganapati@weissnat-grant.info","gender":"female","status":"inactive"},{"id":3873,"name":"Akshat Patel","email":"patel_akshat@goldner.com","gender":"male","status":"active"},{"id":3872,"name":"Jyotsana Singh","email":"jyotsana_singh@lubowitz.biz","gender":"male","status":"active"},{"id":3871,"name":"Mr. Aagney Malik","email":"mr_malik_aagney@towne.co","gender":"female","status":"inactive"},{"id":3870,"name":"Prof. Bhaaswar Ahuja","email":"bhaaswar_ahuja_prof@parker-donnelly.com","gender":"male","status":"active"},{"id":3869,"name":"Bhaumik Reddy","email":"bhaumik_reddy@heathcote.name","gender":"male","status":"active"},{"id":3868,"name":"Baladitya Malik","email":"malik_baladitya@okon.org","gender":"male","status":"inactive"},{"id":3867,"name":"Sanya Khatri","email":"khatri_sanya@murazik-mills.co","gender":"male","status":"inactive"}]} 
 </msg>
<msg timestamp="20220416 16:10:44.750" level="INFO">${response} = &lt;Response [200]&gt;</msg>
<status status="PASS" starttime="20220416 16:10:44.653" endtime="20220416 16:10:44.750"/>
</kw>
<msg timestamp="20220416 16:10:44.750" level="INFO">${api_response} = &lt;Response [200]&gt;</msg>
<status status="PASS" starttime="20220416 16:10:44.652" endtime="20220416 16:10:44.751"/>
</kw>
<kw name="Convert To String" library="BuiltIn">
<var>${status_code}</var>
<arg>${api_response.status_code}</arg>
<doc>Converts the given item to a Unicode string.</doc>
<msg timestamp="20220416 16:10:44.753" level="INFO">${status_code} = 200</msg>
<status status="PASS" starttime="20220416 16:10:44.751" endtime="20220416 16:10:44.753"/>
</kw>
<kw name="Should Not Be Equal" library="BuiltIn">
<arg>${status_code}</arg>
<arg>503</arg>
<doc>Fails if the given objects are equal.</doc>
<status status="PASS" starttime="20220416 16:10:44.753" endtime="20220416 16:10:44.754"/>
</kw>
<kw name="Log To Console" library="BuiltIn">
<arg>Testcase executed successfully without Service Unavailable error</arg>
<doc>Logs the given message to the console.</doc>
<status status="PASS" starttime="20220416 16:10:44.754" endtime="20220416 16:10:44.755"/>
</kw>
<doc>Checks for service unavailable error in the request</doc>
<status status="PASS" starttime="20220416 16:10:44.652" endtime="20220416 16:10:44.755"/>
</test>
<test id="s1-t8" name="Verify Pagination" line="70">
<kw name="Validate JSON Response">
<var>${json_response}</var>
<kw name="GET On Session" library="RequestsLibrary">
<var>${response}</var>
<arg>API_Testing</arg>
<arg>public/v1/users</arg>
<arg>params=access-token=${token}</arg>
<doc>Sends a GET request on a previously created HTTP Session.</doc>
<msg timestamp="20220416 16:10:44.847" level="INFO">GET Request : url=https://gorest.co.in/public/v1/users?access-token=xxx 
 path_url=/public/v1/users?access-token=xxx 
 headers={'User-Agent': 'python-requests/2.27.1', 'Accept-Encoding': 'gzip, deflate', 'Accept': '*/*', 'Connection': 'keep-alive'} 
 body=None 
 </msg>
<msg timestamp="20220416 16:10:44.847" level="INFO">GET Response : url=https://gorest.co.in/public/v1/users?access-token=xxx 
 status=200, reason=OK 
 headers={'Server': 'nginx', 'Date': 'Sat, 16 Apr 2022 10:40:45 GMT', 'Content-Type': 'application/json; charset=utf-8', 'Transfer-Encoding': 'chunked', 'Connection': 'keep-alive', 'Vary': 'Accept-Encoding, Origin', 'X-Frame-Options': 'SAMEORIGIN', 'X-XSS-Protection': '0', 'X-Content-Type-Options': 'nosniff', 'X-Download-Options': 'noopen', 'X-Permitted-Cross-Domain-Policies': 'none', 'Referrer-Policy': 'strict-origin-when-cross-origin', 'ETag': 'W/"ed30c9c55cd09b225a84dae2e77a2846"', 'Cache-Control': 'max-age=0, private, must-revalidate', 'X-Request-Id': 'd5194dcb-65f7-4746-b8ef-9d3cdeadd4d0', 'X-Runtime': '0.009759', 'Strict-Transport-Security': 'max-age=63072000; includeSubDomains', 'Content-Encoding': 'gzip'} 
 body={"meta":{"pagination":{"total":3856,"pages":193,"page":1,"limit":20,"links":{"previous":null,"current":"https://gorest.co.in/public/v1/users?page=1","next":"https://gorest.co.in/public/v1/users?page=2"}}},"data":[{"id":3888,"name":"Upendra Gowda","email":"upendra_gowda@wiza.info","gender":"female","status":"inactive"},{"id":3887,"name":"Vasudeva Kaur V","email":"vasudeva_v_kaur@gutmann.com","gender":"male","status":"active"},{"id":3886,"name":"Adripathi Prajapat","email":"adripathi_prajapat@mosciski.info","gender":"male","status":"inactive"},{"id":3885,"name":"Akshat Jha","email":"akshat_jha@oconnell-hartmann.net","gender":"male","status":"active"},{"id":3882,"name":"Aaditya Nair V","email":"aaditya_nair_v@rippin.net","gender":"male","status":"active"},{"id":3881,"name":"Ashok Kaniyar","email":"ashok_kaniyar@blick-gislason.biz","gender":"male","status":"active"},{"id":3880,"name":"Anilaabh Kaniyar","email":"kaniyar_anilaabh@pagac.org","gender":"female","status":"inactive"},{"id":3879,"name":"Divya Nair III","email":"iii_divya_nair@rutherford.com","gender":"male","status":"active"},{"id":3878,"name":"Dipesh Nambeesan","email":"nambeesan_dipesh@ratke-nader.net","gender":"male","status":"inactive"},{"id":3877,"name":"Miss Atmananda Varman","email":"atmananda_miss_varman@kreiger.info","gender":"female","status":"inactive"},{"id":3876,"name":"Bhushan Kapoor","email":"kapoor_bhushan@von.io","gender":"female","status":"active"},{"id":3875,"name":"Dinkar Nambeesan","email":"dinkar_nambeesan@kling-barton.com","gender":"male","status":"inactive"},{"id":3874,"name":"Ganapati Bandopadhyay","email":"bandopadhyay_ganapati@weissnat-grant.info","gender":"female","status":"inactive"},{"id":3873,"name":"Akshat Patel","email":"patel_akshat@goldner.com","gender":"male","status":"active"},{"id":3872,"name":"Jyotsana Singh","email":"jyotsana_singh@lubowitz.biz","gender":"male","status":"active"},{"id":3871,"name":"Mr. Aagney Malik","email":"mr_malik_aagney@towne.co","gender":"female","status":"inactive"},{"id":3870,"name":"Prof. Bhaaswar Ahuja","email":"bhaaswar_ahuja_prof@parker-donnelly.com","gender":"male","status":"active"},{"id":3869,"name":"Bhaumik Reddy","email":"bhaumik_reddy@heathcote.name","gender":"male","status":"active"},{"id":3868,"name":"Baladitya Malik","email":"malik_baladitya@okon.org","gender":"male","status":"inactive"},{"id":3867,"name":"Sanya Khatri","email":"khatri_sanya@murazik-mills.co","gender":"male","status":"inactive"}]} 
 </msg>
<msg timestamp="20220416 16:10:44.847" level="INFO">${response} = &lt;Response [200]&gt;</msg>
<status status="PASS" starttime="20220416 16:10:44.756" endtime="20220416 16:10:44.847"/>
</kw>
<kw name="Set Variable" library="BuiltIn">
<var>${json_response}</var>
<arg>${response.json()}</arg>
<doc>Returns the given values which can then be assigned to a variables.</doc>
<msg timestamp="20220416 16:10:44.848" level="INFO">${json_response} = {'meta': {'pagination': {'total': 3856, 'pages': 193, 'page': 1, 'limit': 20, 'links': {'previous': None, 'current': 'https://gorest.co.in/public/v1/users?page=1', 'next': 'https://gorest.co.in/public...</msg>
<status status="PASS" starttime="20220416 16:10:44.847" endtime="20220416 16:10:44.848"/>
</kw>
<msg timestamp="20220416 16:10:44.848" level="INFO">${json_response} = {'meta': {'pagination': {'total': 3856, 'pages': 193, 'page': 1, 'limit': 20, 'links': {'previous': None, 'current': 'https://gorest.co.in/public/v1/users?page=1', 'next': 'https://gorest.co.in/public...</msg>
<status status="PASS" starttime="20220416 16:10:44.756" endtime="20220416 16:10:44.848"/>
</kw>
<kw name="Check Pagination In Response" library="validations">
<arg>${json_response}</arg>
<msg timestamp="20220416 16:10:44.849" level="INFO">Pagination value is {'total': 3856, 'pages': 193, 'page': 1, 'limit': 20, 'links': {'previous': None, 'current': 'https://gorest.co.in/public/v1/users?page=1', 'next': 'https://gorest.co.in/public/v1/users?page=2'}}</msg>
<status status="PASS" starttime="20220416 16:10:44.849" endtime="20220416 16:10:44.849"/>
</kw>
<kw name="Log To Console" library="BuiltIn">
<arg>Verified Pagination</arg>
<doc>Logs the given message to the console.</doc>
<status status="PASS" starttime="20220416 16:10:44.849" endtime="20220416 16:10:44.849"/>
</kw>
<doc>Checks for pagination field of the response</doc>
<status status="PASS" starttime="20220416 16:10:44.755" endtime="20220416 16:10:44.849"/>
</test>
<test id="s1-t9" name="Verify Email in Response" line="76">
<kw name="Validate JSON Response">
<var>${json_response}</var>
<kw name="GET On Session" library="RequestsLibrary">
<var>${response}</var>
<arg>API_Testing</arg>
<arg>public/v1/users</arg>
<arg>params=access-token=${token}</arg>
<doc>Sends a GET request on a previously created HTTP Session.</doc>
<msg timestamp="20220416 16:10:44.949" level="INFO">GET Request : url=https://gorest.co.in/public/v1/users?access-token=xxx 
 path_url=/public/v1/users?access-token=xxx 
 headers={'User-Agent': 'python-requests/2.27.1', 'Accept-Encoding': 'gzip, deflate', 'Accept': '*/*', 'Connection': 'keep-alive'} 
 body=None 
 </msg>
<msg timestamp="20220416 16:10:44.949" level="INFO">GET Response : url=https://gorest.co.in/public/v1/users?access-token=xxx 
 status=200, reason=OK 
 headers={'Server': 'nginx', 'Date': 'Sat, 16 Apr 2022 10:40:45 GMT', 'Content-Type': 'application/json; charset=utf-8', 'Transfer-Encoding': 'chunked', 'Connection': 'keep-alive', 'Vary': 'Accept-Encoding, Origin', 'X-Frame-Options': 'SAMEORIGIN', 'X-XSS-Protection': '0', 'X-Content-Type-Options': 'nosniff', 'X-Download-Options': 'noopen', 'X-Permitted-Cross-Domain-Policies': 'none', 'Referrer-Policy': 'strict-origin-when-cross-origin', 'ETag': 'W/"ed30c9c55cd09b225a84dae2e77a2846"', 'Cache-Control': 'max-age=0, private, must-revalidate', 'X-Request-Id': '25616d56-06df-443b-9577-90d3982bae5c', 'X-Runtime': '0.009383', 'Strict-Transport-Security': 'max-age=63072000; includeSubDomains', 'Content-Encoding': 'gzip'} 
 body={"meta":{"pagination":{"total":3856,"pages":193,"page":1,"limit":20,"links":{"previous":null,"current":"https://gorest.co.in/public/v1/users?page=1","next":"https://gorest.co.in/public/v1/users?page=2"}}},"data":[{"id":3888,"name":"Upendra Gowda","email":"upendra_gowda@wiza.info","gender":"female","status":"inactive"},{"id":3887,"name":"Vasudeva Kaur V","email":"vasudeva_v_kaur@gutmann.com","gender":"male","status":"active"},{"id":3886,"name":"Adripathi Prajapat","email":"adripathi_prajapat@mosciski.info","gender":"male","status":"inactive"},{"id":3885,"name":"Akshat Jha","email":"akshat_jha@oconnell-hartmann.net","gender":"male","status":"active"},{"id":3882,"name":"Aaditya Nair V","email":"aaditya_nair_v@rippin.net","gender":"male","status":"active"},{"id":3881,"name":"Ashok Kaniyar","email":"ashok_kaniyar@blick-gislason.biz","gender":"male","status":"active"},{"id":3880,"name":"Anilaabh Kaniyar","email":"kaniyar_anilaabh@pagac.org","gender":"female","status":"inactive"},{"id":3879,"name":"Divya Nair III","email":"iii_divya_nair@rutherford.com","gender":"male","status":"active"},{"id":3878,"name":"Dipesh Nambeesan","email":"nambeesan_dipesh@ratke-nader.net","gender":"male","status":"inactive"},{"id":3877,"name":"Miss Atmananda Varman","email":"atmananda_miss_varman@kreiger.info","gender":"female","status":"inactive"},{"id":3876,"name":"Bhushan Kapoor","email":"kapoor_bhushan@von.io","gender":"female","status":"active"},{"id":3875,"name":"Dinkar Nambeesan","email":"dinkar_nambeesan@kling-barton.com","gender":"male","status":"inactive"},{"id":3874,"name":"Ganapati Bandopadhyay","email":"bandopadhyay_ganapati@weissnat-grant.info","gender":"female","status":"inactive"},{"id":3873,"name":"Akshat Patel","email":"patel_akshat@goldner.com","gender":"male","status":"active"},{"id":3872,"name":"Jyotsana Singh","email":"jyotsana_singh@lubowitz.biz","gender":"male","status":"active"},{"id":3871,"name":"Mr. Aagney Malik","email":"mr_malik_aagney@towne.co","gender":"female","status":"inactive"},{"id":3870,"name":"Prof. Bhaaswar Ahuja","email":"bhaaswar_ahuja_prof@parker-donnelly.com","gender":"male","status":"active"},{"id":3869,"name":"Bhaumik Reddy","email":"bhaumik_reddy@heathcote.name","gender":"male","status":"active"},{"id":3868,"name":"Baladitya Malik","email":"malik_baladitya@okon.org","gender":"male","status":"inactive"},{"id":3867,"name":"Sanya Khatri","email":"khatri_sanya@murazik-mills.co","gender":"male","status":"inactive"}]} 
 </msg>
<msg timestamp="20220416 16:10:44.949" level="INFO">${response} = &lt;Response [200]&gt;</msg>
<status status="PASS" starttime="20220416 16:10:44.850" endtime="20220416 16:10:44.950"/>
</kw>
<kw name="Set Variable" library="BuiltIn">
<var>${json_response}</var>
<arg>${response.json()}</arg>
<doc>Returns the given values which can then be assigned to a variables.</doc>
<msg timestamp="20220416 16:10:44.951" level="INFO">${json_response} = {'meta': {'pagination': {'total': 3856, 'pages': 193, 'page': 1, 'limit': 20, 'links': {'previous': None, 'current': 'https://gorest.co.in/public/v1/users?page=1', 'next': 'https://gorest.co.in/public...</msg>
<status status="PASS" starttime="20220416 16:10:44.950" endtime="20220416 16:10:44.951"/>
</kw>
<msg timestamp="20220416 16:10:44.952" level="INFO">${json_response} = {'meta': {'pagination': {'total': 3856, 'pages': 193, 'page': 1, 'limit': 20, 'links': {'previous': None, 'current': 'https://gorest.co.in/public/v1/users?page=1', 'next': 'https://gorest.co.in/public...</msg>
<status status="PASS" starttime="20220416 16:10:44.850" endtime="20220416 16:10:44.952"/>
</kw>
<kw name="Validate Email" library="validations">
<arg>${json_response}</arg>
<msg timestamp="20220416 16:10:44.953" level="INFO">validated all the attributes of Upendra Gowda

validated all the attributes of Vasudeva Kaur V

validated all the attributes of Adripathi Prajapat

validated all the attributes of Akshat Jha

validated all the attributes of Aaditya Nair V

validated all the attributes of Ashok Kaniyar

validated all the attributes of Anilaabh Kaniyar

validated all the attributes of Divya Nair III

validated all the attributes of Dipesh Nambeesan

validated all the attributes of Miss Atmananda Varman

validated all the attributes of Bhushan Kapoor

validated all the attributes of Dinkar Nambeesan

validated all the attributes of Ganapati Bandopadhyay

validated all the attributes of Akshat Patel

validated all the attributes of Jyotsana Singh

validated all the attributes of Mr. Aagney Malik

validated all the attributes of Prof. Bhaaswar Ahuja

validated all the attributes of Bhaumik Reddy

validated all the attributes of Baladitya Malik

validated all the attributes of Sanya Khatri</msg>
<status status="PASS" starttime="20220416 16:10:44.952" endtime="20220416 16:10:44.953"/>
</kw>
<kw name="Log To Console" library="BuiltIn">
<arg>Validated email in response</arg>
<doc>Logs the given message to the console.</doc>
<status status="PASS" starttime="20220416 16:10:44.953" endtime="20220416 16:10:44.954"/>
</kw>
<doc>Verifies if response data has valid email address</doc>
<status status="PASS" starttime="20220416 16:10:44.849" endtime="20220416 16:10:44.954"/>
</test>
<test id="s1-t10" name="Validate API without Authentication" line="82">
<kw name="GET On Session" library="RequestsLibrary">
<var>${response}</var>
<arg>API_Testing</arg>
<arg>public/v1/users</arg>
<doc>Sends a GET request on a previously created HTTP Session.</doc>
<msg timestamp="20220416 16:10:45.050" level="INFO">GET Request : url=https://gorest.co.in/public/v1/users 
 path_url=/public/v1/users 
 headers={'User-Agent': 'python-requests/2.27.1', 'Accept-Encoding': 'gzip, deflate', 'Accept': '*/*', 'Connection': 'keep-alive'} 
 body=None 
 </msg>
<msg timestamp="20220416 16:10:45.050" level="INFO">GET Response : url=https://gorest.co.in/public/v1/users 
 status=200, reason=OK 
 headers={'Server': 'nginx', 'Date': 'Sat, 16 Apr 2022 10:40:45 GMT', 'Content-Type': 'application/json; charset=utf-8', 'Transfer-Encoding': 'chunked', 'Connection': 'keep-alive', 'Vary': 'Accept-Encoding, Origin', 'X-Frame-Options': 'SAMEORIGIN', 'X-XSS-Protection': '0', 'X-Content-Type-Options': 'nosniff', 'X-Download-Options': 'noopen', 'X-Permitted-Cross-Domain-Policies': 'none', 'Referrer-Policy': 'strict-origin-when-cross-origin', 'ETag': 'W/"ed30c9c55cd09b225a84dae2e77a2846"', 'Cache-Control': 'max-age=0, private, must-revalidate', 'X-Request-Id': '6c4e651a-97f8-4a4d-ba5e-0f0b83524313', 'X-Runtime': '0.012185', 'Strict-Transport-Security': 'max-age=63072000; includeSubDomains', 'Content-Encoding': 'gzip'} 
 body={"meta":{"pagination":{"total":3856,"pages":193,"page":1,"limit":20,"links":{"previous":null,"current":"https://gorest.co.in/public/v1/users?page=1","next":"https://gorest.co.in/public/v1/users?page=2"}}},"data":[{"id":3888,"name":"Upendra Gowda","email":"upendra_gowda@wiza.info","gender":"female","status":"inactive"},{"id":3887,"name":"Vasudeva Kaur V","email":"vasudeva_v_kaur@gutmann.com","gender":"male","status":"active"},{"id":3886,"name":"Adripathi Prajapat","email":"adripathi_prajapat@mosciski.info","gender":"male","status":"inactive"},{"id":3885,"name":"Akshat Jha","email":"akshat_jha@oconnell-hartmann.net","gender":"male","status":"active"},{"id":3882,"name":"Aaditya Nair V","email":"aaditya_nair_v@rippin.net","gender":"male","status":"active"},{"id":3881,"name":"Ashok Kaniyar","email":"ashok_kaniyar@blick-gislason.biz","gender":"male","status":"active"},{"id":3880,"name":"Anilaabh Kaniyar","email":"kaniyar_anilaabh@pagac.org","gender":"female","status":"inactive"},{"id":3879,"name":"Divya Nair III","email":"iii_divya_nair@rutherford.com","gender":"male","status":"active"},{"id":3878,"name":"Dipesh Nambeesan","email":"nambeesan_dipesh@ratke-nader.net","gender":"male","status":"inactive"},{"id":3877,"name":"Miss Atmananda Varman","email":"atmananda_miss_varman@kreiger.info","gender":"female","status":"inactive"},{"id":3876,"name":"Bhushan Kapoor","email":"kapoor_bhushan@von.io","gender":"female","status":"active"},{"id":3875,"name":"Dinkar Nambeesan","email":"dinkar_nambeesan@kling-barton.com","gender":"male","status":"inactive"},{"id":3874,"name":"Ganapati Bandopadhyay","email":"bandopadhyay_ganapati@weissnat-grant.info","gender":"female","status":"inactive"},{"id":3873,"name":"Akshat Patel","email":"patel_akshat@goldner.com","gender":"male","status":"active"},{"id":3872,"name":"Jyotsana Singh","email":"jyotsana_singh@lubowitz.biz","gender":"male","status":"active"},{"id":3871,"name":"Mr. Aagney Malik","email":"mr_malik_aagney@towne.co","gender":"female","status":"inactive"},{"id":3870,"name":"Prof. Bhaaswar Ahuja","email":"bhaaswar_ahuja_prof@parker-donnelly.com","gender":"male","status":"active"},{"id":3869,"name":"Bhaumik Reddy","email":"bhaumik_reddy@heathcote.name","gender":"male","status":"active"},{"id":3868,"name":"Baladitya Malik","email":"malik_baladitya@okon.org","gender":"male","status":"inactive"},{"id":3867,"name":"Sanya Khatri","email":"khatri_sanya@murazik-mills.co","gender":"male","status":"inactive"}]} 
 </msg>
<msg timestamp="20220416 16:10:45.051" level="INFO">${response} = &lt;Response [200]&gt;</msg>
<status status="PASS" starttime="20220416 16:10:44.955" endtime="20220416 16:10:45.051"/>
</kw>
<kw name="Convert To String" library="BuiltIn">
<var>${status_code}</var>
<arg>${response.status_code}</arg>
<doc>Converts the given item to a Unicode string.</doc>
<msg timestamp="20220416 16:10:45.053" level="INFO">${status_code} = 200</msg>
<status status="PASS" starttime="20220416 16:10:45.051" endtime="20220416 16:10:45.053"/>
</kw>
<kw name="Should Not Be Equal" library="BuiltIn">
<arg>${status_code}</arg>
<arg>200</arg>
<doc>Fails if the given objects are equal.</doc>
<msg timestamp="20220416 16:10:45.055" level="FAIL">200 == 200</msg>
<status status="FAIL" starttime="20220416 16:10:45.053" endtime="20220416 16:10:45.055"/>
</kw>
<doc>Verify REST service without authentication</doc>
<status status="FAIL" starttime="20220416 16:10:44.954" endtime="20220416 16:10:45.056">200 == 200</status>
</test>
<test id="s1-t11" name="Verify Non-SSL" line="88">
<kw name="Create Session" library="RequestsLibrary">
<arg>API_Testing</arg>
<arg>${http_base_url}</arg>
<arg>verify=True</arg>
<doc>Create Session: create a HTTP session to a server</doc>
<msg timestamp="20220416 16:10:45.057" level="INFO">Creating Session using : alias=API_Testing, url=http://gorest.co.in/, headers={},                     cookies={}, auth=None, timeout=None, proxies=None, verify=True,                     debug=0 </msg>
<status status="PASS" starttime="20220416 16:10:45.057" endtime="20220416 16:10:45.057"/>
</kw>
<kw name="GET On Session" library="RequestsLibrary">
<var>${response}</var>
<arg>API_Testing</arg>
<arg>public/v1/users</arg>
<arg>params=access-token=${token}</arg>
<doc>Sends a GET request on a previously created HTTP Session.</doc>
<msg timestamp="20220416 16:10:45.359" level="INFO">GET Request : url=http://gorest.co.in/public/v1/users?access-token=xxx (redirected) 
 path_url=/public/v1/users?access-token=xxx 
 headers={'User-Agent': 'python-requests/2.27.1', 'Accept-Encoding': 'gzip, deflate', 'Accept': '*/*', 'Connection': 'keep-alive'} 
 body=None 
 </msg>
<msg timestamp="20220416 16:10:45.359" level="INFO">GET Response : url=https://gorest.co.in/public/v1/users?access-token=xxx 
 status=200, reason=OK 
 headers={'Server': 'nginx', 'Date': 'Sat, 16 Apr 2022 10:40:45 GMT', 'Content-Type': 'application/json; charset=utf-8', 'Transfer-Encoding': 'chunked', 'Connection': 'keep-alive', 'Vary': 'Accept-Encoding, Origin', 'X-Frame-Options': 'SAMEORIGIN', 'X-XSS-Protection': '0', 'X-Content-Type-Options': 'nosniff', 'X-Download-Options': 'noopen', 'X-Permitted-Cross-Domain-Policies': 'none', 'Referrer-Policy': 'strict-origin-when-cross-origin', 'ETag': 'W/"ed30c9c55cd09b225a84dae2e77a2846"', 'Cache-Control': 'max-age=0, private, must-revalidate', 'X-Request-Id': '54ba9700-937f-4f50-90c2-e7a5d429ff40', 'X-Runtime': '0.011781', 'Strict-Transport-Security': 'max-age=63072000; includeSubDomains', 'Content-Encoding': 'gzip'} 
 body={"meta":{"pagination":{"total":3856,"pages":193,"page":1,"limit":20,"links":{"previous":null,"current":"https://gorest.co.in/public/v1/users?page=1","next":"https://gorest.co.in/public/v1/users?page=2"}}},"data":[{"id":3888,"name":"Upendra Gowda","email":"upendra_gowda@wiza.info","gender":"female","status":"inactive"},{"id":3887,"name":"Vasudeva Kaur V","email":"vasudeva_v_kaur@gutmann.com","gender":"male","status":"active"},{"id":3886,"name":"Adripathi Prajapat","email":"adripathi_prajapat@mosciski.info","gender":"male","status":"inactive"},{"id":3885,"name":"Akshat Jha","email":"akshat_jha@oconnell-hartmann.net","gender":"male","status":"active"},{"id":3882,"name":"Aaditya Nair V","email":"aaditya_nair_v@rippin.net","gender":"male","status":"active"},{"id":3881,"name":"Ashok Kaniyar","email":"ashok_kaniyar@blick-gislason.biz","gender":"male","status":"active"},{"id":3880,"name":"Anilaabh Kaniyar","email":"kaniyar_anilaabh@pagac.org","gender":"female","status":"inactive"},{"id":3879,"name":"Divya Nair III","email":"iii_divya_nair@rutherford.com","gender":"male","status":"active"},{"id":3878,"name":"Dipesh Nambeesan","email":"nambeesan_dipesh@ratke-nader.net","gender":"male","status":"inactive"},{"id":3877,"name":"Miss Atmananda Varman","email":"atmananda_miss_varman@kreiger.info","gender":"female","status":"inactive"},{"id":3876,"name":"Bhushan Kapoor","email":"kapoor_bhushan@von.io","gender":"female","status":"active"},{"id":3875,"name":"Dinkar Nambeesan","email":"dinkar_nambeesan@kling-barton.com","gender":"male","status":"inactive"},{"id":3874,"name":"Ganapati Bandopadhyay","email":"bandopadhyay_ganapati@weissnat-grant.info","gender":"female","status":"inactive"},{"id":3873,"name":"Akshat Patel","email":"patel_akshat@goldner.com","gender":"male","status":"active"},{"id":3872,"name":"Jyotsana Singh","email":"jyotsana_singh@lubowitz.biz","gender":"male","status":"active"},{"id":3871,"name":"Mr. Aagney Malik","email":"mr_malik_aagney@towne.co","gender":"female","status":"inactive"},{"id":3870,"name":"Prof. Bhaaswar Ahuja","email":"bhaaswar_ahuja_prof@parker-donnelly.com","gender":"male","status":"active"},{"id":3869,"name":"Bhaumik Reddy","email":"bhaumik_reddy@heathcote.name","gender":"male","status":"active"},{"id":3868,"name":"Baladitya Malik","email":"malik_baladitya@okon.org","gender":"male","status":"inactive"},{"id":3867,"name":"Sanya Khatri","email":"khatri_sanya@murazik-mills.co","gender":"male","status":"inactive"}]} 
 </msg>
<msg timestamp="20220416 16:10:45.360" level="INFO">${response} = &lt;Response [200]&gt;</msg>
<status status="PASS" starttime="20220416 16:10:45.058" endtime="20220416 16:10:45.360"/>
</kw>
<kw name="Convert To String" library="BuiltIn">
<var>${status_code}</var>
<arg>${response.status_code}</arg>
<doc>Converts the given item to a Unicode string.</doc>
<msg timestamp="20220416 16:10:45.362" level="INFO">${status_code} = 200</msg>
<status status="PASS" starttime="20220416 16:10:45.361" endtime="20220416 16:10:45.362"/>
</kw>
<kw name="Log To Console" library="BuiltIn">
<arg>Checking for Non SSL</arg>
<doc>Logs the given message to the console.</doc>
<status status="PASS" starttime="20220416 16:10:45.363" endtime="20220416 16:10:45.363"/>
</kw>
<kw name="Should Not Be Equal" library="BuiltIn">
<arg>${status_code}</arg>
<arg>200</arg>
<doc>Fails if the given objects are equal.</doc>
<msg timestamp="20220416 16:10:45.364" level="FAIL">200 == 200</msg>
<status status="FAIL" starttime="20220416 16:10:45.363" endtime="20220416 16:10:45.364"/>
</kw>
<doc>Verify Non-SSL Rest endpoint behaviour</doc>
<status status="FAIL" starttime="20220416 16:10:45.056" endtime="20220416 16:10:45.365">200 == 200</status>
</test>
<doc>API Response Testing</doc>
<status status="FAIL" starttime="20220416 16:10:43.749" endtime="20220416 16:10:45.366"/>
</suite>
<statistics>
<total>
<stat pass="9" fail="2" skip="0">All Tests</stat>
</total>
<tag>
</tag>
<suite>
<stat pass="9" fail="2" skip="0" id="s1" name="APITesting">APITesting</stat>
</suite>
</statistics>
<errors>
</errors>
</robot>
